<?xml version="1.0" encoding="UTF-8"?>
<testsuite xmlns:xsi="http://www.w3.org/2001/XMLSchema-instance" xsi:noNamespaceSchemaLocation="https://maven.apache.org/surefire/maven-surefire-plugin/xsd/surefire-test-report.xsd" name="resume.microservice.com.ResumeService.ResumeMicroserviceApplicationTests" time="37.006" tests="1" errors="0" skipped="0" failures="0">
  <properties>
    <property name="sun.desktop" value="windows"/>
    <property name="awt.toolkit" value="sun.awt.windows.WToolkit"/>
    <property name="file.encoding.pkg" value="sun.io"/>
    <property name="java.specification.version" value="1.8"/>
    <property name="sun.cpu.isalist" value="amd64"/>
    <property name="sun.jnu.encoding" value="Cp1251"/>
    <property name="java.class.path" value="D:\Development\Java\ResumeService\target\test-classes;D:\Development\Java\ResumeService\target\classes;C:\Users\xpden\.m2\repository\org\springframework\boot\spring-boot-starter-data-elasticsearch\2.2.6.RELEASE\spring-boot-starter-data-elasticsearch-2.2.6.RELEASE.jar;C:\Users\xpden\.m2\repository\org\springframework\boot\spring-boot-starter\2.2.6.RELEASE\spring-boot-starter-2.2.6.RELEASE.jar;C:\Users\xpden\.m2\repository\org\springframework\boot\spring-boot-starter-logging\2.2.6.RELEASE\spring-boot-starter-logging-2.2.6.RELEASE.jar;C:\Users\xpden\.m2\repository\ch\qos\logback\logback-classic\1.2.3\logback-classic-1.2.3.jar;C:\Users\xpden\.m2\repository\ch\qos\logback\logback-core\1.2.3\logback-core-1.2.3.jar;C:\Users\xpden\.m2\repository\org\apache\logging\log4j\log4j-to-slf4j\2.12.1\log4j-to-slf4j-2.12.1.jar;C:\Users\xpden\.m2\repository\org\apache\logging\log4j\log4j-api\2.12.1\log4j-api-2.12.1.jar;C:\Users\xpden\.m2\repository\org\slf4j\jul-to-slf4j\1.7.30\jul-to-slf4j-1.7.30.jar;C:\Users\xpden\.m2\repository\org\yaml\snakeyaml\1.25\snakeyaml-1.25.jar;C:\Users\xpden\.m2\repository\org\springframework\data\spring-data-elasticsearch\3.2.6.RELEASE\spring-data-elasticsearch-3.2.6.RELEASE.jar;C:\Users\xpden\.m2\repository\org\springframework\spring-context\5.2.5.RELEASE\spring-context-5.2.5.RELEASE.jar;C:\Users\xpden\.m2\repository\org\springframework\spring-tx\5.2.5.RELEASE\spring-tx-5.2.5.RELEASE.jar;C:\Users\xpden\.m2\repository\org\springframework\data\spring-data-commons\2.2.6.RELEASE\spring-data-commons-2.2.6.RELEASE.jar;C:\Users\xpden\.m2\repository\org\elasticsearch\client\transport\6.8.7\transport-6.8.7.jar;C:\Users\xpden\.m2\repository\org\elasticsearch\elasticsearch\6.8.7\elasticsearch-6.8.7.jar;C:\Users\xpden\.m2\repository\org\elasticsearch\elasticsearch-core\6.8.7\elasticsearch-core-6.8.7.jar;C:\Users\xpden\.m2\repository\org\elasticsearch\elasticsearch-secure-sm\6.8.7\elasticsearch-secure-sm-6.8.7.jar;C:\Users\xpden\.m2\repository\org\elasticsearch\elasticsearch-x-content\6.8.7\elasticsearch-x-content-6.8.7.jar;C:\Users\xpden\.m2\repository\com\fasterxml\jackson\dataformat\jackson-dataformat-smile\2.10.3\jackson-dataformat-smile-2.10.3.jar;C:\Users\xpden\.m2\repository\com\fasterxml\jackson\dataformat\jackson-dataformat-yaml\2.10.3\jackson-dataformat-yaml-2.10.3.jar;C:\Users\xpden\.m2\repository\com\fasterxml\jackson\dataformat\jackson-dataformat-cbor\2.10.3\jackson-dataformat-cbor-2.10.3.jar;C:\Users\xpden\.m2\repository\org\apache\lucene\lucene-core\7.7.2\lucene-core-7.7.2.jar;C:\Users\xpden\.m2\repository\org\apache\lucene\lucene-analyzers-common\7.7.2\lucene-analyzers-common-7.7.2.jar;C:\Users\xpden\.m2\repository\org\apache\lucene\lucene-backward-codecs\7.7.2\lucene-backward-codecs-7.7.2.jar;C:\Users\xpden\.m2\repository\org\apache\lucene\lucene-grouping\7.7.2\lucene-grouping-7.7.2.jar;C:\Users\xpden\.m2\repository\org\apache\lucene\lucene-highlighter\7.7.2\lucene-highlighter-7.7.2.jar;C:\Users\xpden\.m2\repository\org\apache\lucene\lucene-join\7.7.2\lucene-join-7.7.2.jar;C:\Users\xpden\.m2\repository\org\apache\lucene\lucene-memory\7.7.2\lucene-memory-7.7.2.jar;C:\Users\xpden\.m2\repository\org\apache\lucene\lucene-misc\7.7.2\lucene-misc-7.7.2.jar;C:\Users\xpden\.m2\repository\org\apache\lucene\lucene-queries\7.7.2\lucene-queries-7.7.2.jar;C:\Users\xpden\.m2\repository\org\apache\lucene\lucene-queryparser\7.7.2\lucene-queryparser-7.7.2.jar;C:\Users\xpden\.m2\repository\org\apache\lucene\lucene-sandbox\7.7.2\lucene-sandbox-7.7.2.jar;C:\Users\xpden\.m2\repository\org\apache\lucene\lucene-spatial\7.7.2\lucene-spatial-7.7.2.jar;C:\Users\xpden\.m2\repository\org\apache\lucene\lucene-spatial-extras\7.7.2\lucene-spatial-extras-7.7.2.jar;C:\Users\xpden\.m2\repository\org\apache\lucene\lucene-spatial3d\7.7.2\lucene-spatial3d-7.7.2.jar;C:\Users\xpden\.m2\repository\org\apache\lucene\lucene-suggest\7.7.2\lucene-suggest-7.7.2.jar;C:\Users\xpden\.m2\repository\org\elasticsearch\elasticsearch-cli\6.8.7\elasticsearch-cli-6.8.7.jar;C:\Users\xpden\.m2\repository\net\sf\jopt-simple\jopt-simple\5.0.2\jopt-simple-5.0.2.jar;C:\Users\xpden\.m2\repository\com\carrotsearch\hppc\0.7.1\hppc-0.7.1.jar;C:\Users\xpden\.m2\repository\com\tdunning\t-digest\3.2\t-digest-3.2.jar;C:\Users\xpden\.m2\repository\org\hdrhistogram\HdrHistogram\2.1.9\HdrHistogram-2.1.9.jar;C:\Users\xpden\.m2\repository\org\elasticsearch\jna\4.5.1\jna-4.5.1.jar;C:\Users\xpden\.m2\repository\org\elasticsearch\plugin\reindex-client\6.8.7\reindex-client-6.8.7.jar;C:\Users\xpden\.m2\repository\org\elasticsearch\elasticsearch-ssl-config\6.8.7\elasticsearch-ssl-config-6.8.7.jar;C:\Users\xpden\.m2\repository\org\elasticsearch\plugin\lang-mustache-client\6.8.7\lang-mustache-client-6.8.7.jar;C:\Users\xpden\.m2\repository\com\github\spullara\mustache\java\compiler\0.9.3\compiler-0.9.3.jar;C:\Users\xpden\.m2\repository\org\elasticsearch\plugin\percolator-client\6.8.7\percolator-client-6.8.7.jar;C:\Users\xpden\.m2\repository\org\elasticsearch\plugin\parent-join-client\6.8.7\parent-join-client-6.8.7.jar;C:\Users\xpden\.m2\repository\org\elasticsearch\plugin\rank-eval-client\6.8.7\rank-eval-client-6.8.7.jar;C:\Users\xpden\.m2\repository\org\elasticsearch\plugin\transport-netty4-client\6.8.7\transport-netty4-client-6.8.7.jar;C:\Users\xpden\.m2\repository\io\netty\netty-buffer\4.1.48.Final\netty-buffer-4.1.48.Final.jar;C:\Users\xpden\.m2\repository\io\netty\netty-codec\4.1.48.Final\netty-codec-4.1.48.Final.jar;C:\Users\xpden\.m2\repository\io\netty\netty-codec-http\4.1.48.Final\netty-codec-http-4.1.48.Final.jar;C:\Users\xpden\.m2\repository\io\netty\netty-common\4.1.48.Final\netty-common-4.1.48.Final.jar;C:\Users\xpden\.m2\repository\io\netty\netty-handler\4.1.48.Final\netty-handler-4.1.48.Final.jar;C:\Users\xpden\.m2\repository\io\netty\netty-resolver\4.1.48.Final\netty-resolver-4.1.48.Final.jar;C:\Users\xpden\.m2\repository\io\netty\netty-transport\4.1.48.Final\netty-transport-4.1.48.Final.jar;C:\Users\xpden\.m2\repository\org\elasticsearch\client\elasticsearch-rest-high-level-client\6.8.7\elasticsearch-rest-high-level-client-6.8.7.jar;C:\Users\xpden\.m2\repository\org\elasticsearch\client\elasticsearch-rest-client\6.8.7\elasticsearch-rest-client-6.8.7.jar;C:\Users\xpden\.m2\repository\org\apache\httpcomponents\httpclient\4.5.12\httpclient-4.5.12.jar;C:\Users\xpden\.m2\repository\org\apache\httpcomponents\httpcore\4.4.13\httpcore-4.4.13.jar;C:\Users\xpden\.m2\repository\org\apache\httpcomponents\httpasyncclient\4.1.4\httpasyncclient-4.1.4.jar;C:\Users\xpden\.m2\repository\org\apache\httpcomponents\httpcore-nio\4.4.13\httpcore-nio-4.4.13.jar;C:\Users\xpden\.m2\repository\commons-codec\commons-codec\1.13\commons-codec-1.13.jar;C:\Users\xpden\.m2\repository\org\elasticsearch\plugin\aggs-matrix-stats-client\6.8.7\aggs-matrix-stats-client-6.8.7.jar;C:\Users\xpden\.m2\repository\com\fasterxml\jackson\core\jackson-core\2.10.3\jackson-core-2.10.3.jar;C:\Users\xpden\.m2\repository\com\fasterxml\jackson\core\jackson-databind\2.10.3\jackson-databind-2.10.3.jar;C:\Users\xpden\.m2\repository\com\fasterxml\jackson\core\jackson-annotations\2.10.3\jackson-annotations-2.10.3.jar;C:\Users\xpden\.m2\repository\org\slf4j\slf4j-api\1.7.30\slf4j-api-1.7.30.jar;C:\Users\xpden\.m2\repository\org\springframework\boot\spring-boot-starter-data-jpa\2.2.6.RELEASE\spring-boot-starter-data-jpa-2.2.6.RELEASE.jar;C:\Users\xpden\.m2\repository\org\springframework\boot\spring-boot-starter-aop\2.2.6.RELEASE\spring-boot-starter-aop-2.2.6.RELEASE.jar;C:\Users\xpden\.m2\repository\org\aspectj\aspectjweaver\1.9.5\aspectjweaver-1.9.5.jar;C:\Users\xpden\.m2\repository\org\springframework\boot\spring-boot-starter-jdbc\2.2.6.RELEASE\spring-boot-starter-jdbc-2.2.6.RELEASE.jar;C:\Users\xpden\.m2\repository\com\zaxxer\HikariCP\3.4.2\HikariCP-3.4.2.jar;C:\Users\xpden\.m2\repository\org\springframework\spring-jdbc\5.2.5.RELEASE\spring-jdbc-5.2.5.RELEASE.jar;C:\Users\xpden\.m2\repository\jakarta\activation\jakarta.activation-api\1.2.2\jakarta.activation-api-1.2.2.jar;C:\Users\xpden\.m2\repository\jakarta\persistence\jakarta.persistence-api\2.2.3\jakarta.persistence-api-2.2.3.jar;C:\Users\xpden\.m2\repository\jakarta\transaction\jakarta.transaction-api\1.3.3\jakarta.transaction-api-1.3.3.jar;C:\Users\xpden\.m2\repository\org\hibernate\hibernate-core\5.4.12.Final\hibernate-core-5.4.12.Final.jar;C:\Users\xpden\.m2\repository\org\javassist\javassist\3.24.0-GA\javassist-3.24.0-GA.jar;C:\Users\xpden\.m2\repository\net\bytebuddy\byte-buddy\1.10.8\byte-buddy-1.10.8.jar;C:\Users\xpden\.m2\repository\antlr\antlr\2.7.7\antlr-2.7.7.jar;C:\Users\xpden\.m2\repository\org\jboss\jandex\2.1.1.Final\jandex-2.1.1.Final.jar;C:\Users\xpden\.m2\repository\org\dom4j\dom4j\2.1.1\dom4j-2.1.1.jar;C:\Users\xpden\.m2\repository\org\hibernate\common\hibernate-commons-annotations\5.1.0.Final\hibernate-commons-annotations-5.1.0.Final.jar;C:\Users\xpden\.m2\repository\org\glassfish\jaxb\jaxb-runtime\2.3.2\jaxb-runtime-2.3.2.jar;C:\Users\xpden\.m2\repository\org\glassfish\jaxb\txw2\2.3.2\txw2-2.3.2.jar;C:\Users\xpden\.m2\repository\com\sun\istack\istack-commons-runtime\3.0.8\istack-commons-runtime-3.0.8.jar;C:\Users\xpden\.m2\repository\com\sun\xml\fastinfoset\FastInfoset\1.2.16\FastInfoset-1.2.16.jar;C:\Users\xpden\.m2\repository\org\springframework\data\spring-data-jpa\2.2.6.RELEASE\spring-data-jpa-2.2.6.RELEASE.jar;C:\Users\xpden\.m2\repository\org\springframework\spring-orm\5.2.5.RELEASE\spring-orm-5.2.5.RELEASE.jar;C:\Users\xpden\.m2\repository\org\springframework\spring-beans\5.2.5.RELEASE\spring-beans-5.2.5.RELEASE.jar;C:\Users\xpden\.m2\repository\org\springframework\spring-aspects\5.2.5.RELEASE\spring-aspects-5.2.5.RELEASE.jar;C:\Users\xpden\.m2\repository\org\springframework\boot\spring-boot-starter-web\2.2.6.RELEASE\spring-boot-starter-web-2.2.6.RELEASE.jar;C:\Users\xpden\.m2\repository\org\springframework\boot\spring-boot-starter-json\2.2.6.RELEASE\spring-boot-starter-json-2.2.6.RELEASE.jar;C:\Users\xpden\.m2\repository\com\fasterxml\jackson\datatype\jackson-datatype-jdk8\2.10.3\jackson-datatype-jdk8-2.10.3.jar;C:\Users\xpden\.m2\repository\com\fasterxml\jackson\datatype\jackson-datatype-jsr310\2.10.3\jackson-datatype-jsr310-2.10.3.jar;C:\Users\xpden\.m2\repository\com\fasterxml\jackson\module\jackson-module-parameter-names\2.10.3\jackson-module-parameter-names-2.10.3.jar;C:\Users\xpden\.m2\repository\org\springframework\boot\spring-boot-starter-validation\2.2.6.RELEASE\spring-boot-starter-validation-2.2.6.RELEASE.jar;C:\Users\xpden\.m2\repository\jakarta\validation\jakarta.validation-api\2.0.2\jakarta.validation-api-2.0.2.jar;C:\Users\xpden\.m2\repository\org\hibernate\validator\hibernate-validator\6.0.18.Final\hibernate-validator-6.0.18.Final.jar;C:\Users\xpden\.m2\repository\org\springframework\spring-web\5.2.5.RELEASE\spring-web-5.2.5.RELEASE.jar;C:\Users\xpden\.m2\repository\org\springframework\spring-webmvc\5.2.5.RELEASE\spring-webmvc-5.2.5.RELEASE.jar;C:\Users\xpden\.m2\repository\org\springframework\spring-expression\5.2.5.RELEASE\spring-expression-5.2.5.RELEASE.jar;C:\Users\xpden\.m2\repository\org\springframework\boot\spring-boot-starter-web-services\2.2.6.RELEASE\spring-boot-starter-web-services-2.2.6.RELEASE.jar;C:\Users\xpden\.m2\repository\com\sun\xml\messaging\saaj\saaj-impl\1.5.1\saaj-impl-1.5.1.jar;C:\Users\xpden\.m2\repository\jakarta\xml\soap\jakarta.xml.soap-api\1.4.2\jakarta.xml.soap-api-1.4.2.jar;C:\Users\xpden\.m2\repository\org\jvnet\mimepull\mimepull\1.9.13\mimepull-1.9.13.jar;C:\Users\xpden\.m2\repository\org\jvnet\staxex\stax-ex\1.8.1\stax-ex-1.8.1.jar;C:\Users\xpden\.m2\repository\jakarta\xml\ws\jakarta.xml.ws-api\2.3.3\jakarta.xml.ws-api-2.3.3.jar;C:\Users\xpden\.m2\repository\jakarta\jws\jakarta.jws-api\2.1.0\jakarta.jws-api-2.1.0.jar;C:\Users\xpden\.m2\repository\org\springframework\spring-oxm\5.2.5.RELEASE\spring-oxm-5.2.5.RELEASE.jar;C:\Users\xpden\.m2\repository\org\springframework\ws\spring-ws-core\3.0.8.RELEASE\spring-ws-core-3.0.8.RELEASE.jar;C:\Users\xpden\.m2\repository\org\springframework\ws\spring-xml\3.0.8.RELEASE\spring-xml-3.0.8.RELEASE.jar;C:\Users\xpden\.m2\repository\org\springframework\boot\spring-boot-devtools\2.2.6.RELEASE\spring-boot-devtools-2.2.6.RELEASE.jar;C:\Users\xpden\.m2\repository\org\springframework\boot\spring-boot\2.2.6.RELEASE\spring-boot-2.2.6.RELEASE.jar;C:\Users\xpden\.m2\repository\org\springframework\boot\spring-boot-autoconfigure\2.2.6.RELEASE\spring-boot-autoconfigure-2.2.6.RELEASE.jar;C:\Users\xpden\.m2\repository\org\postgresql\postgresql\42.2.11\postgresql-42.2.11.jar;C:\Users\xpden\.m2\repository\org\springframework\boot\spring-boot-starter-tomcat\2.2.6.RELEASE\spring-boot-starter-tomcat-2.2.6.RELEASE.jar;C:\Users\xpden\.m2\repository\jakarta\annotation\jakarta.annotation-api\1.3.5\jakarta.annotation-api-1.3.5.jar;C:\Users\xpden\.m2\repository\org\apache\tomcat\embed\tomcat-embed-core\9.0.33\tomcat-embed-core-9.0.33.jar;C:\Users\xpden\.m2\repository\org\apache\tomcat\embed\tomcat-embed-el\9.0.33\tomcat-embed-el-9.0.33.jar;C:\Users\xpden\.m2\repository\org\apache\tomcat\embed\tomcat-embed-websocket\9.0.33\tomcat-embed-websocket-9.0.33.jar;C:\Users\xpden\.m2\repository\joda-time\joda-time\2.9.2\joda-time-2.9.2.jar;C:\Users\xpden\.m2\repository\commons-lang\commons-lang\2.6\commons-lang-2.6.jar;C:\Users\xpden\.m2\repository\com\squareup\okhttp\okhttp\2.7.5\okhttp-2.7.5.jar;C:\Users\xpden\.m2\repository\com\squareup\okio\okio\1.6.0\okio-1.6.0.jar;C:\Users\xpden\.m2\repository\org\jsoup\jsoup\1.12.2\jsoup-1.12.2.jar;C:\Users\xpden\.m2\repository\org\springframework\boot\spring-boot-starter-security\2.2.6.RELEASE\spring-boot-starter-security-2.2.6.RELEASE.jar;C:\Users\xpden\.m2\repository\org\springframework\spring-aop\5.2.5.RELEASE\spring-aop-5.2.5.RELEASE.jar;C:\Users\xpden\.m2\repository\org\springframework\security\spring-security-config\5.2.2.RELEASE\spring-security-config-5.2.2.RELEASE.jar;C:\Users\xpden\.m2\repository\org\springframework\security\spring-security-core\5.2.2.RELEASE\spring-security-core-5.2.2.RELEASE.jar;C:\Users\xpden\.m2\repository\org\springframework\security\spring-security-web\5.2.2.RELEASE\spring-security-web-5.2.2.RELEASE.jar;C:\Users\xpden\.m2\repository\commons-collections\commons-collections\3.2.2\commons-collections-3.2.2.jar;C:\Users\xpden\.m2\repository\org\hibernate\hibernate-validator\5.2.4.Final\hibernate-validator-5.2.4.Final.jar;C:\Users\xpden\.m2\repository\javax\validation\validation-api\2.0.1.Final\validation-api-2.0.1.Final.jar;C:\Users\xpden\.m2\repository\org\jboss\logging\jboss-logging\3.4.1.Final\jboss-logging-3.4.1.Final.jar;C:\Users\xpden\.m2\repository\com\fasterxml\classmate\1.5.1\classmate-1.5.1.jar;C:\Users\xpden\.m2\repository\org\springframework\boot\spring-boot-starter-test\2.2.6.RELEASE\spring-boot-starter-test-2.2.6.RELEASE.jar;C:\Users\xpden\.m2\repository\org\springframework\boot\spring-boot-test\2.2.6.RELEASE\spring-boot-test-2.2.6.RELEASE.jar;C:\Users\xpden\.m2\repository\org\springframework\boot\spring-boot-test-autoconfigure\2.2.6.RELEASE\spring-boot-test-autoconfigure-2.2.6.RELEASE.jar;C:\Users\xpden\.m2\repository\com\jayway\jsonpath\json-path\2.4.0\json-path-2.4.0.jar;C:\Users\xpden\.m2\repository\net\minidev\json-smart\2.3\json-smart-2.3.jar;C:\Users\xpden\.m2\repository\net\minidev\accessors-smart\1.2\accessors-smart-1.2.jar;C:\Users\xpden\.m2\repository\org\ow2\asm\asm\5.0.4\asm-5.0.4.jar;C:\Users\xpden\.m2\repository\jakarta\xml\bind\jakarta.xml.bind-api\2.3.3\jakarta.xml.bind-api-2.3.3.jar;C:\Users\xpden\.m2\repository\org\junit\jupiter\junit-jupiter\5.5.2\junit-jupiter-5.5.2.jar;C:\Users\xpden\.m2\repository\org\junit\jupiter\junit-jupiter-api\5.5.2\junit-jupiter-api-5.5.2.jar;C:\Users\xpden\.m2\repository\org\apiguardian\apiguardian-api\1.1.0\apiguardian-api-1.1.0.jar;C:\Users\xpden\.m2\repository\org\opentest4j\opentest4j\1.2.0\opentest4j-1.2.0.jar;C:\Users\xpden\.m2\repository\org\junit\platform\junit-platform-commons\1.5.2\junit-platform-commons-1.5.2.jar;C:\Users\xpden\.m2\repository\org\junit\jupiter\junit-jupiter-params\5.5.2\junit-jupiter-params-5.5.2.jar;C:\Users\xpden\.m2\repository\org\junit\jupiter\junit-jupiter-engine\5.5.2\junit-jupiter-engine-5.5.2.jar;C:\Users\xpden\.m2\repository\org\junit\platform\junit-platform-engine\1.5.2\junit-platform-engine-1.5.2.jar;C:\Users\xpden\.m2\repository\org\mockito\mockito-junit-jupiter\3.1.0\mockito-junit-jupiter-3.1.0.jar;C:\Users\xpden\.m2\repository\org\assertj\assertj-core\3.13.2\assertj-core-3.13.2.jar;C:\Users\xpden\.m2\repository\org\hamcrest\hamcrest\2.1\hamcrest-2.1.jar;C:\Users\xpden\.m2\repository\org\mockito\mockito-core\3.1.0\mockito-core-3.1.0.jar;C:\Users\xpden\.m2\repository\net\bytebuddy\byte-buddy-agent\1.10.8\byte-buddy-agent-1.10.8.jar;C:\Users\xpden\.m2\repository\org\objenesis\objenesis\2.6\objenesis-2.6.jar;C:\Users\xpden\.m2\repository\org\skyscreamer\jsonassert\1.5.0\jsonassert-1.5.0.jar;C:\Users\xpden\.m2\repository\com\vaadin\external\google\android-json\0.0.20131108.vaadin1\android-json-0.0.20131108.vaadin1.jar;C:\Users\xpden\.m2\repository\org\springframework\spring-core\5.2.5.RELEASE\spring-core-5.2.5.RELEASE.jar;C:\Users\xpden\.m2\repository\org\springframework\spring-jcl\5.2.5.RELEASE\spring-jcl-5.2.5.RELEASE.jar;C:\Users\xpden\.m2\repository\org\springframework\spring-test\5.2.5.RELEASE\spring-test-5.2.5.RELEASE.jar;C:\Users\xpden\.m2\repository\org\xmlunit\xmlunit-core\2.6.4\xmlunit-core-2.6.4.jar;"/>
    <property name="java.vm.vendor" value="Oracle Corporation"/>
    <property name="sun.arch.data.model" value="64"/>
    <property name="user.variant" value=""/>
    <property name="java.vendor.url" value="http://java.oracle.com/"/>
    <property name="user.timezone" value="GMT+06:00"/>
    <property name="java.vm.specification.version" value="1.8"/>
    <property name="os.name" value="Windows 10"/>
    <property name="user.country" value="RU"/>
    <property name="sun.java.launcher" value="SUN_STANDARD"/>
    <property name="sun.boot.library.path" value="C:\Program Files\Java\jdk1.8.0_221\jre\bin"/>
    <property name="sun.java.command" value="C:\Users\xpden\AppData\Local\Temp\surefire2412487317309412542\surefirebooter8529828640406750556.jar C:\Users\xpden\AppData\Local\Temp\surefire2412487317309412542 2020-05-29T18-03-44_930-jvmRun1 surefire8888692086459744359tmp surefire_04006957404067307644tmp"/>
    <property name="surefire.test.class.path" value="D:\Development\Java\ResumeService\target\test-classes;D:\Development\Java\ResumeService\target\classes;C:\Users\xpden\.m2\repository\org\springframework\boot\spring-boot-starter-data-elasticsearch\2.2.6.RELEASE\spring-boot-starter-data-elasticsearch-2.2.6.RELEASE.jar;C:\Users\xpden\.m2\repository\org\springframework\boot\spring-boot-starter\2.2.6.RELEASE\spring-boot-starter-2.2.6.RELEASE.jar;C:\Users\xpden\.m2\repository\org\springframework\boot\spring-boot-starter-logging\2.2.6.RELEASE\spring-boot-starter-logging-2.2.6.RELEASE.jar;C:\Users\xpden\.m2\repository\ch\qos\logback\logback-classic\1.2.3\logback-classic-1.2.3.jar;C:\Users\xpden\.m2\repository\ch\qos\logback\logback-core\1.2.3\logback-core-1.2.3.jar;C:\Users\xpden\.m2\repository\org\apache\logging\log4j\log4j-to-slf4j\2.12.1\log4j-to-slf4j-2.12.1.jar;C:\Users\xpden\.m2\repository\org\apache\logging\log4j\log4j-api\2.12.1\log4j-api-2.12.1.jar;C:\Users\xpden\.m2\repository\org\slf4j\jul-to-slf4j\1.7.30\jul-to-slf4j-1.7.30.jar;C:\Users\xpden\.m2\repository\org\yaml\snakeyaml\1.25\snakeyaml-1.25.jar;C:\Users\xpden\.m2\repository\org\springframework\data\spring-data-elasticsearch\3.2.6.RELEASE\spring-data-elasticsearch-3.2.6.RELEASE.jar;C:\Users\xpden\.m2\repository\org\springframework\spring-context\5.2.5.RELEASE\spring-context-5.2.5.RELEASE.jar;C:\Users\xpden\.m2\repository\org\springframework\spring-tx\5.2.5.RELEASE\spring-tx-5.2.5.RELEASE.jar;C:\Users\xpden\.m2\repository\org\springframework\data\spring-data-commons\2.2.6.RELEASE\spring-data-commons-2.2.6.RELEASE.jar;C:\Users\xpden\.m2\repository\org\elasticsearch\client\transport\6.8.7\transport-6.8.7.jar;C:\Users\xpden\.m2\repository\org\elasticsearch\elasticsearch\6.8.7\elasticsearch-6.8.7.jar;C:\Users\xpden\.m2\repository\org\elasticsearch\elasticsearch-core\6.8.7\elasticsearch-core-6.8.7.jar;C:\Users\xpden\.m2\repository\org\elasticsearch\elasticsearch-secure-sm\6.8.7\elasticsearch-secure-sm-6.8.7.jar;C:\Users\xpden\.m2\repository\org\elasticsearch\elasticsearch-x-content\6.8.7\elasticsearch-x-content-6.8.7.jar;C:\Users\xpden\.m2\repository\com\fasterxml\jackson\dataformat\jackson-dataformat-smile\2.10.3\jackson-dataformat-smile-2.10.3.jar;C:\Users\xpden\.m2\repository\com\fasterxml\jackson\dataformat\jackson-dataformat-yaml\2.10.3\jackson-dataformat-yaml-2.10.3.jar;C:\Users\xpden\.m2\repository\com\fasterxml\jackson\dataformat\jackson-dataformat-cbor\2.10.3\jackson-dataformat-cbor-2.10.3.jar;C:\Users\xpden\.m2\repository\org\apache\lucene\lucene-core\7.7.2\lucene-core-7.7.2.jar;C:\Users\xpden\.m2\repository\org\apache\lucene\lucene-analyzers-common\7.7.2\lucene-analyzers-common-7.7.2.jar;C:\Users\xpden\.m2\repository\org\apache\lucene\lucene-backward-codecs\7.7.2\lucene-backward-codecs-7.7.2.jar;C:\Users\xpden\.m2\repository\org\apache\lucene\lucene-grouping\7.7.2\lucene-grouping-7.7.2.jar;C:\Users\xpden\.m2\repository\org\apache\lucene\lucene-highlighter\7.7.2\lucene-highlighter-7.7.2.jar;C:\Users\xpden\.m2\repository\org\apache\lucene\lucene-join\7.7.2\lucene-join-7.7.2.jar;C:\Users\xpden\.m2\repository\org\apache\lucene\lucene-memory\7.7.2\lucene-memory-7.7.2.jar;C:\Users\xpden\.m2\repository\org\apache\lucene\lucene-misc\7.7.2\lucene-misc-7.7.2.jar;C:\Users\xpden\.m2\repository\org\apache\lucene\lucene-queries\7.7.2\lucene-queries-7.7.2.jar;C:\Users\xpden\.m2\repository\org\apache\lucene\lucene-queryparser\7.7.2\lucene-queryparser-7.7.2.jar;C:\Users\xpden\.m2\repository\org\apache\lucene\lucene-sandbox\7.7.2\lucene-sandbox-7.7.2.jar;C:\Users\xpden\.m2\repository\org\apache\lucene\lucene-spatial\7.7.2\lucene-spatial-7.7.2.jar;C:\Users\xpden\.m2\repository\org\apache\lucene\lucene-spatial-extras\7.7.2\lucene-spatial-extras-7.7.2.jar;C:\Users\xpden\.m2\repository\org\apache\lucene\lucene-spatial3d\7.7.2\lucene-spatial3d-7.7.2.jar;C:\Users\xpden\.m2\repository\org\apache\lucene\lucene-suggest\7.7.2\lucene-suggest-7.7.2.jar;C:\Users\xpden\.m2\repository\org\elasticsearch\elasticsearch-cli\6.8.7\elasticsearch-cli-6.8.7.jar;C:\Users\xpden\.m2\repository\net\sf\jopt-simple\jopt-simple\5.0.2\jopt-simple-5.0.2.jar;C:\Users\xpden\.m2\repository\com\carrotsearch\hppc\0.7.1\hppc-0.7.1.jar;C:\Users\xpden\.m2\repository\com\tdunning\t-digest\3.2\t-digest-3.2.jar;C:\Users\xpden\.m2\repository\org\hdrhistogram\HdrHistogram\2.1.9\HdrHistogram-2.1.9.jar;C:\Users\xpden\.m2\repository\org\elasticsearch\jna\4.5.1\jna-4.5.1.jar;C:\Users\xpden\.m2\repository\org\elasticsearch\plugin\reindex-client\6.8.7\reindex-client-6.8.7.jar;C:\Users\xpden\.m2\repository\org\elasticsearch\elasticsearch-ssl-config\6.8.7\elasticsearch-ssl-config-6.8.7.jar;C:\Users\xpden\.m2\repository\org\elasticsearch\plugin\lang-mustache-client\6.8.7\lang-mustache-client-6.8.7.jar;C:\Users\xpden\.m2\repository\com\github\spullara\mustache\java\compiler\0.9.3\compiler-0.9.3.jar;C:\Users\xpden\.m2\repository\org\elasticsearch\plugin\percolator-client\6.8.7\percolator-client-6.8.7.jar;C:\Users\xpden\.m2\repository\org\elasticsearch\plugin\parent-join-client\6.8.7\parent-join-client-6.8.7.jar;C:\Users\xpden\.m2\repository\org\elasticsearch\plugin\rank-eval-client\6.8.7\rank-eval-client-6.8.7.jar;C:\Users\xpden\.m2\repository\org\elasticsearch\plugin\transport-netty4-client\6.8.7\transport-netty4-client-6.8.7.jar;C:\Users\xpden\.m2\repository\io\netty\netty-buffer\4.1.48.Final\netty-buffer-4.1.48.Final.jar;C:\Users\xpden\.m2\repository\io\netty\netty-codec\4.1.48.Final\netty-codec-4.1.48.Final.jar;C:\Users\xpden\.m2\repository\io\netty\netty-codec-http\4.1.48.Final\netty-codec-http-4.1.48.Final.jar;C:\Users\xpden\.m2\repository\io\netty\netty-common\4.1.48.Final\netty-common-4.1.48.Final.jar;C:\Users\xpden\.m2\repository\io\netty\netty-handler\4.1.48.Final\netty-handler-4.1.48.Final.jar;C:\Users\xpden\.m2\repository\io\netty\netty-resolver\4.1.48.Final\netty-resolver-4.1.48.Final.jar;C:\Users\xpden\.m2\repository\io\netty\netty-transport\4.1.48.Final\netty-transport-4.1.48.Final.jar;C:\Users\xpden\.m2\repository\org\elasticsearch\client\elasticsearch-rest-high-level-client\6.8.7\elasticsearch-rest-high-level-client-6.8.7.jar;C:\Users\xpden\.m2\repository\org\elasticsearch\client\elasticsearch-rest-client\6.8.7\elasticsearch-rest-client-6.8.7.jar;C:\Users\xpden\.m2\repository\org\apache\httpcomponents\httpclient\4.5.12\httpclient-4.5.12.jar;C:\Users\xpden\.m2\repository\org\apache\httpcomponents\httpcore\4.4.13\httpcore-4.4.13.jar;C:\Users\xpden\.m2\repository\org\apache\httpcomponents\httpasyncclient\4.1.4\httpasyncclient-4.1.4.jar;C:\Users\xpden\.m2\repository\org\apache\httpcomponents\httpcore-nio\4.4.13\httpcore-nio-4.4.13.jar;C:\Users\xpden\.m2\repository\commons-codec\commons-codec\1.13\commons-codec-1.13.jar;C:\Users\xpden\.m2\repository\org\elasticsearch\plugin\aggs-matrix-stats-client\6.8.7\aggs-matrix-stats-client-6.8.7.jar;C:\Users\xpden\.m2\repository\com\fasterxml\jackson\core\jackson-core\2.10.3\jackson-core-2.10.3.jar;C:\Users\xpden\.m2\repository\com\fasterxml\jackson\core\jackson-databind\2.10.3\jackson-databind-2.10.3.jar;C:\Users\xpden\.m2\repository\com\fasterxml\jackson\core\jackson-annotations\2.10.3\jackson-annotations-2.10.3.jar;C:\Users\xpden\.m2\repository\org\slf4j\slf4j-api\1.7.30\slf4j-api-1.7.30.jar;C:\Users\xpden\.m2\repository\org\springframework\boot\spring-boot-starter-data-jpa\2.2.6.RELEASE\spring-boot-starter-data-jpa-2.2.6.RELEASE.jar;C:\Users\xpden\.m2\repository\org\springframework\boot\spring-boot-starter-aop\2.2.6.RELEASE\spring-boot-starter-aop-2.2.6.RELEASE.jar;C:\Users\xpden\.m2\repository\org\aspectj\aspectjweaver\1.9.5\aspectjweaver-1.9.5.jar;C:\Users\xpden\.m2\repository\org\springframework\boot\spring-boot-starter-jdbc\2.2.6.RELEASE\spring-boot-starter-jdbc-2.2.6.RELEASE.jar;C:\Users\xpden\.m2\repository\com\zaxxer\HikariCP\3.4.2\HikariCP-3.4.2.jar;C:\Users\xpden\.m2\repository\org\springframework\spring-jdbc\5.2.5.RELEASE\spring-jdbc-5.2.5.RELEASE.jar;C:\Users\xpden\.m2\repository\jakarta\activation\jakarta.activation-api\1.2.2\jakarta.activation-api-1.2.2.jar;C:\Users\xpden\.m2\repository\jakarta\persistence\jakarta.persistence-api\2.2.3\jakarta.persistence-api-2.2.3.jar;C:\Users\xpden\.m2\repository\jakarta\transaction\jakarta.transaction-api\1.3.3\jakarta.transaction-api-1.3.3.jar;C:\Users\xpden\.m2\repository\org\hibernate\hibernate-core\5.4.12.Final\hibernate-core-5.4.12.Final.jar;C:\Users\xpden\.m2\repository\org\javassist\javassist\3.24.0-GA\javassist-3.24.0-GA.jar;C:\Users\xpden\.m2\repository\net\bytebuddy\byte-buddy\1.10.8\byte-buddy-1.10.8.jar;C:\Users\xpden\.m2\repository\antlr\antlr\2.7.7\antlr-2.7.7.jar;C:\Users\xpden\.m2\repository\org\jboss\jandex\2.1.1.Final\jandex-2.1.1.Final.jar;C:\Users\xpden\.m2\repository\org\dom4j\dom4j\2.1.1\dom4j-2.1.1.jar;C:\Users\xpden\.m2\repository\org\hibernate\common\hibernate-commons-annotations\5.1.0.Final\hibernate-commons-annotations-5.1.0.Final.jar;C:\Users\xpden\.m2\repository\org\glassfish\jaxb\jaxb-runtime\2.3.2\jaxb-runtime-2.3.2.jar;C:\Users\xpden\.m2\repository\org\glassfish\jaxb\txw2\2.3.2\txw2-2.3.2.jar;C:\Users\xpden\.m2\repository\com\sun\istack\istack-commons-runtime\3.0.8\istack-commons-runtime-3.0.8.jar;C:\Users\xpden\.m2\repository\com\sun\xml\fastinfoset\FastInfoset\1.2.16\FastInfoset-1.2.16.jar;C:\Users\xpden\.m2\repository\org\springframework\data\spring-data-jpa\2.2.6.RELEASE\spring-data-jpa-2.2.6.RELEASE.jar;C:\Users\xpden\.m2\repository\org\springframework\spring-orm\5.2.5.RELEASE\spring-orm-5.2.5.RELEASE.jar;C:\Users\xpden\.m2\repository\org\springframework\spring-beans\5.2.5.RELEASE\spring-beans-5.2.5.RELEASE.jar;C:\Users\xpden\.m2\repository\org\springframework\spring-aspects\5.2.5.RELEASE\spring-aspects-5.2.5.RELEASE.jar;C:\Users\xpden\.m2\repository\org\springframework\boot\spring-boot-starter-web\2.2.6.RELEASE\spring-boot-starter-web-2.2.6.RELEASE.jar;C:\Users\xpden\.m2\repository\org\springframework\boot\spring-boot-starter-json\2.2.6.RELEASE\spring-boot-starter-json-2.2.6.RELEASE.jar;C:\Users\xpden\.m2\repository\com\fasterxml\jackson\datatype\jackson-datatype-jdk8\2.10.3\jackson-datatype-jdk8-2.10.3.jar;C:\Users\xpden\.m2\repository\com\fasterxml\jackson\datatype\jackson-datatype-jsr310\2.10.3\jackson-datatype-jsr310-2.10.3.jar;C:\Users\xpden\.m2\repository\com\fasterxml\jackson\module\jackson-module-parameter-names\2.10.3\jackson-module-parameter-names-2.10.3.jar;C:\Users\xpden\.m2\repository\org\springframework\boot\spring-boot-starter-validation\2.2.6.RELEASE\spring-boot-starter-validation-2.2.6.RELEASE.jar;C:\Users\xpden\.m2\repository\jakarta\validation\jakarta.validation-api\2.0.2\jakarta.validation-api-2.0.2.jar;C:\Users\xpden\.m2\repository\org\hibernate\validator\hibernate-validator\6.0.18.Final\hibernate-validator-6.0.18.Final.jar;C:\Users\xpden\.m2\repository\org\springframework\spring-web\5.2.5.RELEASE\spring-web-5.2.5.RELEASE.jar;C:\Users\xpden\.m2\repository\org\springframework\spring-webmvc\5.2.5.RELEASE\spring-webmvc-5.2.5.RELEASE.jar;C:\Users\xpden\.m2\repository\org\springframework\spring-expression\5.2.5.RELEASE\spring-expression-5.2.5.RELEASE.jar;C:\Users\xpden\.m2\repository\org\springframework\boot\spring-boot-starter-web-services\2.2.6.RELEASE\spring-boot-starter-web-services-2.2.6.RELEASE.jar;C:\Users\xpden\.m2\repository\com\sun\xml\messaging\saaj\saaj-impl\1.5.1\saaj-impl-1.5.1.jar;C:\Users\xpden\.m2\repository\jakarta\xml\soap\jakarta.xml.soap-api\1.4.2\jakarta.xml.soap-api-1.4.2.jar;C:\Users\xpden\.m2\repository\org\jvnet\mimepull\mimepull\1.9.13\mimepull-1.9.13.jar;C:\Users\xpden\.m2\repository\org\jvnet\staxex\stax-ex\1.8.1\stax-ex-1.8.1.jar;C:\Users\xpden\.m2\repository\jakarta\xml\ws\jakarta.xml.ws-api\2.3.3\jakarta.xml.ws-api-2.3.3.jar;C:\Users\xpden\.m2\repository\jakarta\jws\jakarta.jws-api\2.1.0\jakarta.jws-api-2.1.0.jar;C:\Users\xpden\.m2\repository\org\springframework\spring-oxm\5.2.5.RELEASE\spring-oxm-5.2.5.RELEASE.jar;C:\Users\xpden\.m2\repository\org\springframework\ws\spring-ws-core\3.0.8.RELEASE\spring-ws-core-3.0.8.RELEASE.jar;C:\Users\xpden\.m2\repository\org\springframework\ws\spring-xml\3.0.8.RELEASE\spring-xml-3.0.8.RELEASE.jar;C:\Users\xpden\.m2\repository\org\springframework\boot\spring-boot-devtools\2.2.6.RELEASE\spring-boot-devtools-2.2.6.RELEASE.jar;C:\Users\xpden\.m2\repository\org\springframework\boot\spring-boot\2.2.6.RELEASE\spring-boot-2.2.6.RELEASE.jar;C:\Users\xpden\.m2\repository\org\springframework\boot\spring-boot-autoconfigure\2.2.6.RELEASE\spring-boot-autoconfigure-2.2.6.RELEASE.jar;C:\Users\xpden\.m2\repository\org\postgresql\postgresql\42.2.11\postgresql-42.2.11.jar;C:\Users\xpden\.m2\repository\org\springframework\boot\spring-boot-starter-tomcat\2.2.6.RELEASE\spring-boot-starter-tomcat-2.2.6.RELEASE.jar;C:\Users\xpden\.m2\repository\jakarta\annotation\jakarta.annotation-api\1.3.5\jakarta.annotation-api-1.3.5.jar;C:\Users\xpden\.m2\repository\org\apache\tomcat\embed\tomcat-embed-core\9.0.33\tomcat-embed-core-9.0.33.jar;C:\Users\xpden\.m2\repository\org\apache\tomcat\embed\tomcat-embed-el\9.0.33\tomcat-embed-el-9.0.33.jar;C:\Users\xpden\.m2\repository\org\apache\tomcat\embed\tomcat-embed-websocket\9.0.33\tomcat-embed-websocket-9.0.33.jar;C:\Users\xpden\.m2\repository\joda-time\joda-time\2.9.2\joda-time-2.9.2.jar;C:\Users\xpden\.m2\repository\commons-lang\commons-lang\2.6\commons-lang-2.6.jar;C:\Users\xpden\.m2\repository\com\squareup\okhttp\okhttp\2.7.5\okhttp-2.7.5.jar;C:\Users\xpden\.m2\repository\com\squareup\okio\okio\1.6.0\okio-1.6.0.jar;C:\Users\xpden\.m2\repository\org\jsoup\jsoup\1.12.2\jsoup-1.12.2.jar;C:\Users\xpden\.m2\repository\org\springframework\boot\spring-boot-starter-security\2.2.6.RELEASE\spring-boot-starter-security-2.2.6.RELEASE.jar;C:\Users\xpden\.m2\repository\org\springframework\spring-aop\5.2.5.RELEASE\spring-aop-5.2.5.RELEASE.jar;C:\Users\xpden\.m2\repository\org\springframework\security\spring-security-config\5.2.2.RELEASE\spring-security-config-5.2.2.RELEASE.jar;C:\Users\xpden\.m2\repository\org\springframework\security\spring-security-core\5.2.2.RELEASE\spring-security-core-5.2.2.RELEASE.jar;C:\Users\xpden\.m2\repository\org\springframework\security\spring-security-web\5.2.2.RELEASE\spring-security-web-5.2.2.RELEASE.jar;C:\Users\xpden\.m2\repository\commons-collections\commons-collections\3.2.2\commons-collections-3.2.2.jar;C:\Users\xpden\.m2\repository\org\hibernate\hibernate-validator\5.2.4.Final\hibernate-validator-5.2.4.Final.jar;C:\Users\xpden\.m2\repository\javax\validation\validation-api\2.0.1.Final\validation-api-2.0.1.Final.jar;C:\Users\xpden\.m2\repository\org\jboss\logging\jboss-logging\3.4.1.Final\jboss-logging-3.4.1.Final.jar;C:\Users\xpden\.m2\repository\com\fasterxml\classmate\1.5.1\classmate-1.5.1.jar;C:\Users\xpden\.m2\repository\org\springframework\boot\spring-boot-starter-test\2.2.6.RELEASE\spring-boot-starter-test-2.2.6.RELEASE.jar;C:\Users\xpden\.m2\repository\org\springframework\boot\spring-boot-test\2.2.6.RELEASE\spring-boot-test-2.2.6.RELEASE.jar;C:\Users\xpden\.m2\repository\org\springframework\boot\spring-boot-test-autoconfigure\2.2.6.RELEASE\spring-boot-test-autoconfigure-2.2.6.RELEASE.jar;C:\Users\xpden\.m2\repository\com\jayway\jsonpath\json-path\2.4.0\json-path-2.4.0.jar;C:\Users\xpden\.m2\repository\net\minidev\json-smart\2.3\json-smart-2.3.jar;C:\Users\xpden\.m2\repository\net\minidev\accessors-smart\1.2\accessors-smart-1.2.jar;C:\Users\xpden\.m2\repository\org\ow2\asm\asm\5.0.4\asm-5.0.4.jar;C:\Users\xpden\.m2\repository\jakarta\xml\bind\jakarta.xml.bind-api\2.3.3\jakarta.xml.bind-api-2.3.3.jar;C:\Users\xpden\.m2\repository\org\junit\jupiter\junit-jupiter\5.5.2\junit-jupiter-5.5.2.jar;C:\Users\xpden\.m2\repository\org\junit\jupiter\junit-jupiter-api\5.5.2\junit-jupiter-api-5.5.2.jar;C:\Users\xpden\.m2\repository\org\apiguardian\apiguardian-api\1.1.0\apiguardian-api-1.1.0.jar;C:\Users\xpden\.m2\repository\org\opentest4j\opentest4j\1.2.0\opentest4j-1.2.0.jar;C:\Users\xpden\.m2\repository\org\junit\platform\junit-platform-commons\1.5.2\junit-platform-commons-1.5.2.jar;C:\Users\xpden\.m2\repository\org\junit\jupiter\junit-jupiter-params\5.5.2\junit-jupiter-params-5.5.2.jar;C:\Users\xpden\.m2\repository\org\junit\jupiter\junit-jupiter-engine\5.5.2\junit-jupiter-engine-5.5.2.jar;C:\Users\xpden\.m2\repository\org\junit\platform\junit-platform-engine\1.5.2\junit-platform-engine-1.5.2.jar;C:\Users\xpden\.m2\repository\org\mockito\mockito-junit-jupiter\3.1.0\mockito-junit-jupiter-3.1.0.jar;C:\Users\xpden\.m2\repository\org\assertj\assertj-core\3.13.2\assertj-core-3.13.2.jar;C:\Users\xpden\.m2\repository\org\hamcrest\hamcrest\2.1\hamcrest-2.1.jar;C:\Users\xpden\.m2\repository\org\mockito\mockito-core\3.1.0\mockito-core-3.1.0.jar;C:\Users\xpden\.m2\repository\net\bytebuddy\byte-buddy-agent\1.10.8\byte-buddy-agent-1.10.8.jar;C:\Users\xpden\.m2\repository\org\objenesis\objenesis\2.6\objenesis-2.6.jar;C:\Users\xpden\.m2\repository\org\skyscreamer\jsonassert\1.5.0\jsonassert-1.5.0.jar;C:\Users\xpden\.m2\repository\com\vaadin\external\google\android-json\0.0.20131108.vaadin1\android-json-0.0.20131108.vaadin1.jar;C:\Users\xpden\.m2\repository\org\springframework\spring-core\5.2.5.RELEASE\spring-core-5.2.5.RELEASE.jar;C:\Users\xpden\.m2\repository\org\springframework\spring-jcl\5.2.5.RELEASE\spring-jcl-5.2.5.RELEASE.jar;C:\Users\xpden\.m2\repository\org\springframework\spring-test\5.2.5.RELEASE\spring-test-5.2.5.RELEASE.jar;C:\Users\xpden\.m2\repository\org\xmlunit\xmlunit-core\2.6.4\xmlunit-core-2.6.4.jar;"/>
    <property name="sun.cpu.endian" value="little"/>
    <property name="user.home" value="C:\Users\xpden"/>
    <property name="user.language" value="ru"/>
    <property name="java.specification.vendor" value="Oracle Corporation"/>
    <property name="java.home" value="C:\Program Files\Java\jdk1.8.0_221\jre"/>
    <property name="basedir" value="D:\Development\Java\ResumeService"/>
    <property name="file.separator" value="\"/>
    <property name="line.separator" value="&#10;"/>
    <property name="idea.version2019.2.3" value="true"/>
    <property name="java.vm.specification.vendor" value="Oracle Corporation"/>
    <property name="java.specification.name" value="Java Platform API Specification"/>
    <property name="java.awt.graphicsenv" value="sun.awt.Win32GraphicsEnvironment"/>
    <property name="surefire.real.class.path" value="C:\Users\xpden\AppData\Local\Temp\surefire2412487317309412542\surefirebooter8529828640406750556.jar"/>
    <property name="sun.boot.class.path" value="C:\Program Files\Java\jdk1.8.0_221\jre\lib\resources.jar;C:\Program Files\Java\jdk1.8.0_221\jre\lib\rt.jar;C:\Program Files\Java\jdk1.8.0_221\jre\lib\sunrsasign.jar;C:\Program Files\Java\jdk1.8.0_221\jre\lib\jsse.jar;C:\Program Files\Java\jdk1.8.0_221\jre\lib\jce.jar;C:\Program Files\Java\jdk1.8.0_221\jre\lib\charsets.jar;C:\Program Files\Java\jdk1.8.0_221\jre\lib\jfr.jar;C:\Program Files\Java\jdk1.8.0_221\jre\classes"/>
    <property name="user.script" value=""/>
    <property name="sun.management.compiler" value="HotSpot 64-Bit Tiered Compilers"/>
    <property name="java.runtime.version" value="1.8.0_221-b11"/>
    <property name="user.name" value="Den"/>
    <property name="path.separator" value=";"/>
    <property name="os.version" value="10.0"/>
    <property name="java.endorsed.dirs" value="C:\Program Files\Java\jdk1.8.0_221\jre\lib\endorsed"/>
    <property name="java.runtime.name" value="Java(TM) SE Runtime Environment"/>
    <property name="file.encoding" value="Cp1251"/>
    <property name="java.vm.name" value="Java HotSpot(TM) 64-Bit Server VM"/>
    <property name="localRepository" value="C:\Users\xpden\.m2\repository"/>
    <property name="java.vendor.url.bug" value="http://bugreport.sun.com/bugreport/"/>
    <property name="java.io.tmpdir" value="C:\Users\xpden\AppData\Local\Temp\"/>
    <property name="java.version" value="1.8.0_221"/>
    <property name="user.dir" value="D:\Development\Java\ResumeService"/>
    <property name="os.arch" value="amd64"/>
    <property name="java.vm.specification.name" value="Java Virtual Machine Specification"/>
    <property name="java.awt.printerjob" value="sun.awt.windows.WPrinterJob"/>
    <property name="sun.os.patch.level" value=""/>
    <property name="java.library.path" value="C:\Program Files\Java\jdk1.8.0_221\jre\bin;C:\WINDOWS\Sun\Java\bin;C:\WINDOWS\system32;C:\WINDOWS;C:\Program Files (x86)\Common Files\Oracle\Java\javapath;C:\Program Files (x86)\Python37-32\Scripts\;C:\Program Files (x86)\Python37-32\;C:\Windows\system32;C:\Windows;C:\Windows\System32\Wbem;C:\Windows\System32\WindowsPowerShell\v1.0\;C:\Windows\System32\OpenSSH\;C:\Program Files (x86)\NVIDIA Corporation\PhysX\Common;C:\Program Files\NVIDIA Corporation\NVIDIA NvDLISR;C:\Program Files\Java\jdk1.8.0_181\bin;C:\Program Files\Git\cmd;C:\Program Files\nodejs\;C:\WINDOWS\system32;C:\WINDOWS;C:\WINDOWS\System32\Wbem;C:\WINDOWS\System32\WindowsPowerShell\v1.0\;C:\WINDOWS\System32\OpenSSH\;C:\Program Files\Docker\Docker\resources\bin;C:\ProgramData\DockerDesktop\version-bin;C:\Users\xpden\AppData\Local\Microsoft\WindowsApps;C:\Users\xpden\AppData\Local\GitHubDesktop\bin;C:\Users\xpden\AppData\Roaming\npm;%USERPROFILE%\AppData\Local\Microsoft\WindowsApps;;."/>
    <property name="java.vm.info" value="mixed mode"/>
    <property name="java.vendor" value="Oracle Corporation"/>
    <property name="java.vm.version" value="25.221-b11"/>
    <property name="java.ext.dirs" value="C:\Program Files\Java\jdk1.8.0_221\jre\lib\ext;C:\WINDOWS\Sun\Java\lib\ext"/>
    <property name="sun.io.unicode.encoding" value="UnicodeLittle"/>
    <property name="java.class.version" value="52.0"/>
  </properties>
  <testcase name="contextLoads" classname="resume.microservice.com.ResumeService.ResumeMicroserviceApplicationTests" time="0.055"/>
</testsuite>